IP Upgrade report for ECE_178_Full_System
Sat Dec 05 07:30:33 2020
Quartus Prime Version 20.1.0 Build 711 06/05/2020 SJ Lite Edition


---------------------
; Table of Contents ;
---------------------
  1. Legal Notice
  2. IP Upgrade Summary
  3. Successfully Upgraded IP Components
  4. IP Upgrade Messages



----------------
; Legal Notice ;
----------------
Copyright (C) 2020  Intel Corporation. All rights reserved.
Your use of Intel Corporation's design tools, logic functions 
and other software and tools, and any partner logic 
functions, and any output files from any of the foregoing 
(including device programming or simulation files), and any 
associated documentation or information are expressly subject 
to the terms and conditions of the Intel Program License 
Subscription Agreement, the Intel Quartus Prime License Agreement,
the Intel FPGA IP License Agreement, or other applicable license
agreement, including, without limitation, that your use is for
the sole purpose of programming logic devices manufactured by
Intel and sold by Intel or its authorized distributors.  Please
refer to the applicable agreement for further details, at
https://fpgasoftware.intel.com/eula.



+----------------------------------------------------------------------------+
; IP Upgrade Summary                                                         ;
+------------------------------+---------------------------------------------+
; IP Components Upgrade Status ; Passed - Sat Dec 05 07:30:33 2020           ;
; Quartus Prime Version        ; 20.1.0 Build 711 06/05/2020 SJ Lite Edition ;
; Revision Name                ; ECE_178_Full_System                         ;
; Top-level Entity Name        ; ECE_178_Full_System                         ;
; Family                       ; Cyclone IV E                                ;
+------------------------------+---------------------------------------------+


+-------------------------------------------------------------------------------------------------------------------------------------------------------------------------------+
; Successfully Upgraded IP Components                                                                                                                                           ;
+------------------+----------------+---------+--------------------------------------------------+--------------------------------------------------+-----------------+---------+
; Entity Name      ; Component Name ; Version ; Original Source File                             ; Generation File Path                             ; New Source File ; Message ;
+------------------+----------------+---------+--------------------------------------------------+--------------------------------------------------+-----------------+---------+
; ECE178_nios_20_1 ; Qsys           ; N/A     ; ../ECE178_nios_system_20_1/ECE178_nios_20_1.qsys ; ../ECE178_nios_system_20_1/ECE178_nios_20_1.qsys ;                 ;         ;
+------------------+----------------+---------+--------------------------------------------------+--------------------------------------------------+-----------------+---------+


+---------------------+
; IP Upgrade Messages ;
+---------------------+
Info (11902): Backing up file "../ECE178_nios_system_20_1/ECE178_nios_20_1.qsys" to "../ECE178_nios_system_20_1/ECE178_nios_20_1.BAK.qsys"
Info (11837): Started upgrading IP component Qsys with file "../ECE178_nios_system_20_1/ECE178_nios_20_1.qsys"
Info: 2020.12.05.07:30:33 Info: Starting to upgrade the IP cores in the Platform Designer system
Info: 2020.12.05.07:30:33 Info: Finished upgrading the ip cores
Info (11131): Completed upgrading IP component Qsys with file "../ECE178_nios_system_20_1/ECE178_nios_20_1.qsys"
Info (23030): Evaluation of Tcl script c:/intelfpga_lite/20.1/quartus/common/tcl/internal/ip_regen/ip_regen.tcl was successful
Info: Quartus Prime Shell was successful. 0 errors, 0 warnings
    Info: Peak virtual memory: 4856 megabytes
    Info: Processing ended: Sat Dec 05 07:30:33 2020
    Info: Elapsed time: 00:00:10
    Info: Total CPU time (on all processors): 00:00:27


